Rendering to 768x768 image
Loaded scene with 10000 circles
Loaded scene with 10000 circles
---------------------------------------------------------
Initializing CUDA for CudaRenderer
Found 2 CUDA devices
Device 0: GeForce GTX 650
   SMs:        2
   Global mem: 1024 MB
   CUDA Cap:   3.0
Device 1: Quadro NVS 295
   SMs:        1
   Global mem: 255 MB
   CUDA Cap:   1.1
---------------------------------------------------------
WARNING: You're not running on a fast GPU, please consider using NVIDIA GTX 480, 670 or 780.
---------------------------------------------------------

Running benchmark, 1 frames, beginning at frame 0 ...
Copying image data from device
***************** Correctness check passed **************************
Clear:    0.4893 ms
Advance:  0.0011 ms
Render:   804.2995 ms
Total:    804.7899 ms

Overall:  1.2016 sec (note units are seconds)
