Rendering to 768x768 image
Loaded data for 100000 circles from snow.par
Loaded scene with 100000 circles
---------------------------------------------------------
Initializing CUDA for CudaRenderer
Found 2 CUDA devices
Device 0: GeForce GTX 650
   SMs:        2
   Global mem: 1024 MB
   CUDA Cap:   3.0
Device 1: Quadro NVS 295
   SMs:        1
   Global mem: 255 MB
   CUDA Cap:   1.1
---------------------------------------------------------

Running benchmark, 4 frames, beginning at frame 0 ...
Clear:    0.1718 ms
Advance:  0.0008 ms
Render:   214.5157 ms
Total:    214.6883 ms

Overall:  0.8588 sec (note units are seconds)
